{"/Users/borislavchernev/Development/back-end/config/db.js": {"path":"/Users/borislavchernev/Development/back-end/config/db.js","statementMap":{"0":{"start":{"line":8,"column":17},"end":{"line":8,"column":30}},"1":{"start":{"line":9,"column":15},"end":{"line":9,"column":32}},"2":{"start":{"line":11,"column":0},"end":{"line":11,"column":16}},"3":{"start":{"line":13,"column":0},"end":{"line":15,"column":1}},"4":{"start":{"line":14,"column":2},"end":{"line":14,"column":71}},"5":{"start":{"line":17,"column":13},"end":{"line":19,"column":2}},"6":{"start":{"line":21,"column":0},"end":{"line":21,"column":22}}},"fnMap":{},"branchMap":{"0":{"loc":{"start":{"line":13,"column":0},"end":{"line":15,"column":1}},"type":"if","locations":[{"start":{"line":13,"column":0},"end":{"line":15,"column":1}},{"start":{},"end":{}}],"line":13}},"s":{"0":4,"1":4,"2":4,"3":4,"4":0,"5":4,"6":4},"f":{},"b":{"0":[0,4]},"_coverageSchema":"1a1c01bbd47fc00a2c39e90264f33305004495a9","hash":"f866a9946dab67b4f29e16870892c60afb68af3a"}
,"/Users/borislavchernev/Development/back-end/controllers/irController.js": {"path":"/Users/borislavchernev/Development/back-end/controllers/irController.js","statementMap":{"0":{"start":{"line":7,"column":15},"end":{"line":7,"column":38}},"1":{"start":{"line":11,"column":4},"end":{"line":11,"column":36}},"2":{"start":{"line":12,"column":31},"end":{"line":12,"column":76}},"3":{"start":{"line":13,"column":29},"end":{"line":13,"column":79}},"4":{"start":{"line":14,"column":27},"end":{"line":14,"column":73}},"5":{"start":{"line":15,"column":29},"end":{"line":15,"column":77}},"6":{"start":{"line":17,"column":0},"end":{"line":26,"column":2}},"7":{"start":{"line":18,"column":19},"end":{"line":18,"column":33}},"8":{"start":{"line":19,"column":2},"end":{"line":24,"column":3}},"9":{"start":{"line":20,"column":4},"end":{"line":23,"column":7}},"10":{"start":{"line":25,"column":2},"end":{"line":25,"column":40}},"11":{"start":{"line":28,"column":0},"end":{"line":60,"column":2}},"12":{"start":{"line":29,"column":45},"end":{"line":29,"column":53}},"13":{"start":{"line":30,"column":2},"end":{"line":35,"column":3}},"14":{"start":{"line":31,"column":4},"end":{"line":34,"column":7}},"15":{"start":{"line":36,"column":2},"end":{"line":59,"column":3}},"16":{"start":{"line":37,"column":4},"end":{"line":37,"column":29}},"17":{"start":{"line":38,"column":29},"end":{"line":38,"column":78}},"18":{"start":{"line":39,"column":29},"end":{"line":39,"column":78}},"19":{"start":{"line":40,"column":20},"end":{"line":40,"column":74}},"20":{"start":{"line":41,"column":4},"end":{"line":51,"column":5}},"21":{"start":{"line":42,"column":6},"end":{"line":45,"column":9}},"22":{"start":{"line":47,"column":6},"end":{"line":50,"column":9}},"23":{"start":{"line":53,"column":4},"end":{"line":53,"column":35}},"24":{"start":{"line":54,"column":4},"end":{"line":58,"column":7}}},"fnMap":{"0":{"name":"(anonymous_0)","decl":{"start":{"line":17,"column":26},"end":{"line":17,"column":27}},"loc":{"start":{"line":17,"column":40},"end":{"line":26,"column":1}},"line":17},"1":{"name":"(anonymous_1)","decl":{"start":{"line":28,"column":20},"end":{"line":28,"column":21}},"loc":{"start":{"line":28,"column":40},"end":{"line":60,"column":1}},"line":28}},"branchMap":{"0":{"loc":{"start":{"line":19,"column":2},"end":{"line":24,"column":3}},"type":"if","locations":[{"start":{"line":19,"column":2},"end":{"line":24,"column":3}},{"start":{},"end":{}}],"line":19},"1":{"loc":{"start":{"line":30,"column":2},"end":{"line":35,"column":3}},"type":"if","locations":[{"start":{"line":30,"column":2},"end":{"line":35,"column":3}},{"start":{},"end":{}}],"line":30},"2":{"loc":{"start":{"line":30,"column":6},"end":{"line":30,"column":40}},"type":"binary-expr","locations":[{"start":{"line":30,"column":6},"end":{"line":30,"column":21}},{"start":{"line":30,"column":25},"end":{"line":30,"column":40}}],"line":30},"3":{"loc":{"start":{"line":41,"column":4},"end":{"line":51,"column":5}},"type":"if","locations":[{"start":{"line":41,"column":4},"end":{"line":51,"column":5}},{"start":{"line":46,"column":11},"end":{"line":51,"column":5}}],"line":41}},"s":{"0":3,"1":3,"2":3,"3":3,"4":3,"5":3,"6":3,"7":3,"8":3,"9":2,"10":1,"11":3,"12":4,"13":4,"14":1,"15":3,"16":3,"17":2,"18":2,"19":2,"20":2,"21":1,"22":1,"23":1,"24":1},"f":{"0":3,"1":4},"b":{"0":[2,1],"1":[1,3],"2":[4,3],"3":[1,1]},"_coverageSchema":"1a1c01bbd47fc00a2c39e90264f33305004495a9","hash":"3963e2247f61a74dcd22785b66d4fbfea2562a85"}
,"/Users/borislavchernev/Development/back-end/controllers/ocrController.js": {"path":"/Users/borislavchernev/Development/back-end/controllers/ocrController.js","statementMap":{"0":{"start":{"line":7,"column":15},"end":{"line":7,"column":38}},"1":{"start":{"line":8,"column":11},"end":{"line":8,"column":24}},"2":{"start":{"line":9,"column":23},"end":{"line":9,"column":56}},"3":{"start":{"line":10,"column":18},"end":{"line":10,"column":48}},"4":{"start":{"line":11,"column":21},"end":{"line":11,"column":61}},"5":{"start":{"line":13,"column":27},"end":{"line":13,"column":73}},"6":{"start":{"line":14,"column":29},"end":{"line":14,"column":77}},"7":{"start":{"line":20,"column":0},"end":{"line":32,"column":2}},"8":{"start":{"line":21,"column":20},"end":{"line":21,"column":34}},"9":{"start":{"line":22,"column":2},"end":{"line":27,"column":3}},"10":{"start":{"line":23,"column":4},"end":{"line":26,"column":7}},"11":{"start":{"line":28,"column":2},"end":{"line":31,"column":5}},"12":{"start":{"line":38,"column":0},"end":{"line":73,"column":2}},"13":{"start":{"line":39,"column":19},"end":{"line":39,"column":33}},"14":{"start":{"line":40,"column":2},"end":{"line":45,"column":3}},"15":{"start":{"line":41,"column":4},"end":{"line":44,"column":7}},"16":{"start":{"line":47,"column":2},"end":{"line":72,"column":3}},"17":{"start":{"line":49,"column":20},"end":{"line":49,"column":46}},"18":{"start":{"line":50,"column":20},"end":{"line":50,"column":37}},"19":{"start":{"line":52,"column":4},"end":{"line":56,"column":7}},"20":{"start":{"line":59,"column":4},"end":{"line":65,"column":5}},"21":{"start":{"line":60,"column":6},"end":{"line":62,"column":7}},"22":{"start":{"line":61,"column":8},"end":{"line":61,"column":43}},"23":{"start":{"line":64,"column":6},"end":{"line":64,"column":72}},"24":{"start":{"line":66,"column":4},"end":{"line":66,"column":35}},"25":{"start":{"line":67,"column":4},"end":{"line":71,"column":7}},"26":{"start":{"line":79,"column":0},"end":{"line":122,"column":2}},"27":{"start":{"line":80,"column":23},"end":{"line":80,"column":31}},"28":{"start":{"line":81,"column":2},"end":{"line":86,"column":3}},"29":{"start":{"line":82,"column":4},"end":{"line":85,"column":7}},"30":{"start":{"line":88,"column":2},"end":{"line":121,"column":3}},"31":{"start":{"line":90,"column":20},"end":{"line":90,"column":46}},"32":{"start":{"line":91,"column":20},"end":{"line":91,"column":37}},"33":{"start":{"line":94,"column":4},"end":{"line":100,"column":5}},"34":{"start":{"line":95,"column":6},"end":{"line":97,"column":7}},"35":{"start":{"line":96,"column":8},"end":{"line":96,"column":43}},"36":{"start":{"line":99,"column":6},"end":{"line":99,"column":72}},"37":{"start":{"line":102,"column":4},"end":{"line":106,"column":7}},"38":{"start":{"line":108,"column":4},"end":{"line":114,"column":5}},"39":{"start":{"line":109,"column":6},"end":{"line":111,"column":7}},"40":{"start":{"line":110,"column":8},"end":{"line":110,"column":43}},"41":{"start":{"line":113,"column":6},"end":{"line":113,"column":72}},"42":{"start":{"line":115,"column":4},"end":{"line":115,"column":35}},"43":{"start":{"line":116,"column":4},"end":{"line":120,"column":7}},"44":{"start":{"line":127,"column":0},"end":{"line":148,"column":2}},"45":{"start":{"line":128,"column":34},"end":{"line":128,"column":42}},"46":{"start":{"line":130,"column":2},"end":{"line":135,"column":3}},"47":{"start":{"line":131,"column":4},"end":{"line":134,"column":7}},"48":{"start":{"line":137,"column":2},"end":{"line":147,"column":3}},"49":{"start":{"line":138,"column":17},"end":{"line":138,"column":66}},"50":{"start":{"line":139,"column":4},"end":{"line":139,"column":45}},"51":{"start":{"line":141,"column":4},"end":{"line":141,"column":35}},"52":{"start":{"line":142,"column":4},"end":{"line":146,"column":7}}},"fnMap":{"0":{"name":"(anonymous_0)","decl":{"start":{"line":20,"column":34},"end":{"line":20,"column":35}},"loc":{"start":{"line":20,"column":54},"end":{"line":32,"column":1}},"line":20},"1":{"name":"(anonymous_1)","decl":{"start":{"line":38,"column":33},"end":{"line":38,"column":34}},"loc":{"start":{"line":38,"column":53},"end":{"line":73,"column":1}},"line":38},"2":{"name":"(anonymous_2)","decl":{"start":{"line":79,"column":29},"end":{"line":79,"column":30}},"loc":{"start":{"line":79,"column":49},"end":{"line":122,"column":1}},"line":79},"3":{"name":"(anonymous_3)","decl":{"start":{"line":127,"column":29},"end":{"line":127,"column":30}},"loc":{"start":{"line":127,"column":49},"end":{"line":148,"column":1}},"line":127}},"branchMap":{"0":{"loc":{"start":{"line":22,"column":2},"end":{"line":27,"column":3}},"type":"if","locations":[{"start":{"line":22,"column":2},"end":{"line":27,"column":3}},{"start":{},"end":{}}],"line":22},"1":{"loc":{"start":{"line":40,"column":2},"end":{"line":45,"column":3}},"type":"if","locations":[{"start":{"line":40,"column":2},"end":{"line":45,"column":3}},{"start":{},"end":{}}],"line":40},"2":{"loc":{"start":{"line":60,"column":6},"end":{"line":62,"column":7}},"type":"if","locations":[{"start":{"line":60,"column":6},"end":{"line":62,"column":7}},{"start":{},"end":{}}],"line":60},"3":{"loc":{"start":{"line":81,"column":2},"end":{"line":86,"column":3}},"type":"if","locations":[{"start":{"line":81,"column":2},"end":{"line":86,"column":3}},{"start":{},"end":{}}],"line":81},"4":{"loc":{"start":{"line":95,"column":6},"end":{"line":97,"column":7}},"type":"if","locations":[{"start":{"line":95,"column":6},"end":{"line":97,"column":7}},{"start":{},"end":{}}],"line":95},"5":{"loc":{"start":{"line":109,"column":6},"end":{"line":111,"column":7}},"type":"if","locations":[{"start":{"line":109,"column":6},"end":{"line":111,"column":7}},{"start":{},"end":{}}],"line":109},"6":{"loc":{"start":{"line":130,"column":2},"end":{"line":135,"column":3}},"type":"if","locations":[{"start":{"line":130,"column":2},"end":{"line":135,"column":3}},{"start":{},"end":{}}],"line":130},"7":{"loc":{"start":{"line":130,"column":6},"end":{"line":130,"column":32}},"type":"binary-expr","locations":[{"start":{"line":130,"column":6},"end":{"line":130,"column":11}},{"start":{"line":130,"column":15},"end":{"line":130,"column":19}},{"start":{"line":130,"column":23},"end":{"line":130,"column":32}}],"line":130}},"s":{"0":3,"1":3,"2":3,"3":3,"4":3,"5":3,"6":3,"7":3,"8":3,"9":3,"10":2,"11":1,"12":3,"13":3,"14":3,"15":1,"16":2,"17":2,"18":1,"19":1,"20":1,"21":1,"22":1,"23":0,"24":1,"25":1,"26":3,"27":3,"28":3,"29":1,"30":2,"31":2,"32":1,"33":1,"34":1,"35":1,"36":0,"37":1,"38":1,"39":1,"40":1,"41":0,"42":1,"43":1,"44":3,"45":3,"46":3,"47":1,"48":2,"49":2,"50":1,"51":1,"52":1},"f":{"0":3,"1":3,"2":3,"3":3},"b":{"0":[2,1],"1":[1,2],"2":[1,0],"3":[1,2],"4":[1,0],"5":[1,0],"6":[1,2],"7":[3,3,2]},"_coverageSchema":"1a1c01bbd47fc00a2c39e90264f33305004495a9","hash":"a3066379e015257eb487536878d96901e153dc27"}
,"/Users/borislavchernev/Development/back-end/middlewares/authMiddleware.js": {"path":"/Users/borislavchernev/Development/back-end/middlewares/authMiddleware.js","statementMap":{"0":{"start":{"line":7,"column":12},"end":{"line":7,"column":35}},"1":{"start":{"line":8,"column":15},"end":{"line":8,"column":32}},"2":{"start":{"line":9,"column":27},"end":{"line":9,"column":73}},"3":{"start":{"line":11,"column":0},"end":{"line":11,"column":16}},"4":{"start":{"line":25,"column":16},"end":{"line":25,"column":67}},"5":{"start":{"line":27,"column":2},"end":{"line":29,"column":3}},"6":{"start":{"line":28,"column":4},"end":{"line":28,"column":78}},"7":{"start":{"line":31,"column":2},"end":{"line":37,"column":3}},"8":{"start":{"line":32,"column":20},"end":{"line":32,"column":61}},"9":{"start":{"line":33,"column":4},"end":{"line":33,"column":23}},"10":{"start":{"line":34,"column":4},"end":{"line":34,"column":11}},"11":{"start":{"line":36,"column":4},"end":{"line":36,"column":71}},"12":{"start":{"line":40,"column":0},"end":{"line":40,"column":32}}},"fnMap":{"0":{"name":"authMiddleware","decl":{"start":{"line":24,"column":9},"end":{"line":24,"column":23}},"loc":{"start":{"line":24,"column":40},"end":{"line":38,"column":1}},"line":24}},"branchMap":{"0":{"loc":{"start":{"line":27,"column":2},"end":{"line":29,"column":3}},"type":"if","locations":[{"start":{"line":27,"column":2},"end":{"line":29,"column":3}},{"start":{},"end":{}}],"line":27}},"s":{"0":3,"1":3,"2":3,"3":3,"4":1,"5":1,"6":0,"7":1,"8":1,"9":1,"10":1,"11":0,"12":3},"f":{"0":1},"b":{"0":[0,1]},"_coverageSchema":"1a1c01bbd47fc00a2c39e90264f33305004495a9","hash":"fe993b85871505c8181175cbb2e6b306dec5deff"}
,"/Users/borislavchernev/Development/back-end/models/userModel.js": {"path":"/Users/borislavchernev/Development/back-end/models/userModel.js","statementMap":{"0":{"start":{"line":1,"column":13},"end":{"line":1,"column":36}},"1":{"start":{"line":3,"column":0},"end":{"line":9,"column":2}},"2":{"start":{"line":4,"column":17},"end":{"line":7,"column":3}},"3":{"start":{"line":8,"column":2},"end":{"line":8,"column":24}}},"fnMap":{"0":{"name":"(anonymous_0)","decl":{"start":{"line":3,"column":19},"end":{"line":3,"column":20}},"loc":{"start":{"line":3,"column":54},"end":{"line":9,"column":1}},"line":3}},"branchMap":{},"s":{"0":4,"1":4,"2":2,"3":1},"f":{"0":2},"b":{},"_coverageSchema":"1a1c01bbd47fc00a2c39e90264f33305004495a9","hash":"670b6408ee45df03d596a046c20ce05fac9d6b73"}
,"/Users/borislavchernev/Development/back-end/routes/irRoutes.js": {"path":"/Users/borislavchernev/Development/back-end/routes/irRoutes.js","statementMap":{"0":{"start":{"line":1,"column":16},"end":{"line":1,"column":34}},"1":{"start":{"line":2,"column":15},"end":{"line":2,"column":32}},"2":{"start":{"line":3,"column":21},"end":{"line":3,"column":59}},"3":{"start":{"line":5,"column":15},"end":{"line":5,"column":31}},"4":{"start":{"line":6,"column":15},"end":{"line":6,"column":43}},"5":{"start":{"line":9,"column":0},"end":{"line":13,"column":2}},"6":{"start":{"line":19,"column":0},"end":{"line":19,"column":51}},"7":{"start":{"line":21,"column":0},"end":{"line":21,"column":24}}},"fnMap":{},"branchMap":{},"s":{"0":2,"1":2,"2":2,"3":2,"4":2,"5":2,"6":2,"7":2},"f":{},"b":{},"_coverageSchema":"1a1c01bbd47fc00a2c39e90264f33305004495a9","hash":"fc8694e5592859499be03255e5d08dc1a2a9efb7"}
,"/Users/borislavchernev/Development/back-end/routes/ocrRoutes.js": {"path":"/Users/borislavchernev/Development/back-end/routes/ocrRoutes.js","statementMap":{"0":{"start":{"line":3,"column":16},"end":{"line":3,"column":34}},"1":{"start":{"line":4,"column":15},"end":{"line":4,"column":32}},"2":{"start":{"line":10,"column":4},"end":{"line":10,"column":43}},"3":{"start":{"line":11,"column":15},"end":{"line":11,"column":31}},"4":{"start":{"line":12,"column":15},"end":{"line":12,"column":43}},"5":{"start":{"line":15,"column":0},"end":{"line":19,"column":2}},"6":{"start":{"line":21,"column":0},"end":{"line":25,"column":2}},"7":{"start":{"line":28,"column":0},"end":{"line":28,"column":46}},"8":{"start":{"line":31,"column":0},"end":{"line":31,"column":51}},"9":{"start":{"line":33,"column":0},"end":{"line":33,"column":24}}},"fnMap":{},"branchMap":{},"s":{"0":2,"1":2,"2":2,"3":2,"4":2,"5":2,"6":2,"7":2,"8":2,"9":2},"f":{},"b":{},"_coverageSchema":"1a1c01bbd47fc00a2c39e90264f33305004495a9","hash":"c6e0e69151600830a266fb07c035248771504340"}
,"/Users/borislavchernev/Development/back-end/utilities/ir/compareDescriptors.js": {"path":"/Users/borislavchernev/Development/back-end/utilities/ir/compareDescriptors.js","statementMap":{"0":{"start":{"line":1,"column":16},"end":{"line":1,"column":41}},"1":{"start":{"line":13,"column":27},"end":{"line":17,"column":1}},"2":{"start":{"line":14,"column":19},"end":{"line":14,"column":70}},"3":{"start":{"line":15,"column":2},"end":{"line":15,"column":59}},"4":{"start":{"line":16,"column":2},"end":{"line":16,"column":30}},"5":{"start":{"line":19,"column":0},"end":{"line":21,"column":2}}},"fnMap":{"0":{"name":"(anonymous_0)","decl":{"start":{"line":13,"column":27},"end":{"line":13,"column":28}},"loc":{"start":{"line":13,"column":74},"end":{"line":17,"column":1}},"line":13}},"branchMap":{"0":{"loc":{"start":{"line":13,"column":54},"end":{"line":13,"column":69}},"type":"default-arg","locations":[{"start":{"line":13,"column":66},"end":{"line":13,"column":69}}],"line":13}},"s":{"0":4,"1":4,"2":2,"3":2,"4":2,"5":4},"f":{"0":2},"b":{"0":[1]},"_coverageSchema":"1a1c01bbd47fc00a2c39e90264f33305004495a9","hash":"0eeae03e6cea16a1224d7fdaddb791bc2d7729bf"}
,"/Users/borislavchernev/Development/back-end/utilities/ir/faceApiSetup.js": {"path":"/Users/borislavchernev/Development/back-end/utilities/ir/faceApiSetup.js","statementMap":{"0":{"start":{"line":6,"column":37},"end":{"line":6,"column":54}},"1":{"start":{"line":7,"column":16},"end":{"line":7,"column":38}},"2":{"start":{"line":10,"column":0},"end":{"line":10,"column":54}},"3":{"start":{"line":12,"column":0},"end":{"line":12,"column":25}}},"fnMap":{},"branchMap":{},"s":{"0":7,"1":7,"2":7,"3":7},"f":{},"b":{},"_coverageSchema":"1a1c01bbd47fc00a2c39e90264f33305004495a9","hash":"ce6402c9b51e4226730e4762c9b2a27b0f2ab6dd"}
,"/Users/borislavchernev/Development/back-end/utilities/ir/models/modelPaths.js": {"path":"/Users/borislavchernev/Development/back-end/utilities/ir/models/modelPaths.js","statementMap":{"0":{"start":{"line":6,"column":13},"end":{"line":6,"column":28}},"1":{"start":{"line":11,"column":2},"end":{"line":12,"column":50}},"2":{"start":{"line":18,"column":20},"end":{"line":52,"column":1}},"3":{"start":{"line":54,"column":0},"end":{"line":54,"column":29}}},"fnMap":{},"branchMap":{"0":{"loc":{"start":{"line":11,"column":2},"end":{"line":12,"column":50}},"type":"binary-expr","locations":[{"start":{"line":11,"column":2},"end":{"line":11,"column":29}},{"start":{"line":12,"column":2},"end":{"line":12,"column":50}}],"line":11}},"s":{"0":3,"1":3,"2":3,"3":3},"f":{},"b":{"0":[3,3]},"_coverageSchema":"1a1c01bbd47fc00a2c39e90264f33305004495a9","hash":"744b172009d43355f8bb4ed4034dcbd3f4f71825"}
,"/Users/borislavchernev/Development/back-end/utilities/ir/processing/cropFace.js": {"path":"/Users/borislavchernev/Development/back-end/utilities/ir/processing/cropFace.js","statementMap":{"0":{"start":{"line":1,"column":25},"end":{"line":1,"column":42}},"1":{"start":{"line":2,"column":11},"end":{"line":2,"column":24}},"2":{"start":{"line":3,"column":27},"end":{"line":3,"column":66}},"3":{"start":{"line":14,"column":17},"end":{"line":37,"column":1}},"4":{"start":{"line":15,"column":2},"end":{"line":36,"column":3}},"5":{"start":{"line":16,"column":36},"end":{"line":16,"column":46}},"6":{"start":{"line":17,"column":26},"end":{"line":17,"column":53}},"7":{"start":{"line":18,"column":23},"end":{"line":18,"column":53}},"8":{"start":{"line":20,"column":4},"end":{"line":20,"column":80}},"9":{"start":{"line":22,"column":25},"end":{"line":22,"column":57}},"10":{"start":{"line":23,"column":23},"end":{"line":23,"column":55}},"11":{"start":{"line":24,"column":4},"end":{"line":24,"column":34}},"12":{"start":{"line":26,"column":4},"end":{"line":29,"column":7}},"13":{"start":{"line":27,"column":6},"end":{"line":27,"column":41}},"14":{"start":{"line":28,"column":6},"end":{"line":28,"column":39}},"15":{"start":{"line":31,"column":4},"end":{"line":34,"column":7}},"16":{"start":{"line":35,"column":4},"end":{"line":35,"column":60}},"17":{"start":{"line":39,"column":0},"end":{"line":39,"column":26}}},"fnMap":{"0":{"name":"(anonymous_0)","decl":{"start":{"line":14,"column":17},"end":{"line":14,"column":18}},"loc":{"start":{"line":14,"column":64},"end":{"line":37,"column":1}},"line":14},"1":{"name":"(anonymous_1)","decl":{"start":{"line":26,"column":22},"end":{"line":26,"column":23}},"loc":{"start":{"line":26,"column":43},"end":{"line":29,"column":5}},"line":26}},"branchMap":{},"s":{"0":4,"1":4,"2":4,"3":4,"4":2,"5":2,"6":2,"7":2,"8":2,"9":2,"10":2,"11":2,"12":2,"13":2,"14":2,"15":1,"16":1,"17":4},"f":{"0":2,"1":2},"b":{},"_coverageSchema":"1a1c01bbd47fc00a2c39e90264f33305004495a9","hash":"1980b754c0e02c4daa22d655817d0b54461e5391"}
,"/Users/borislavchernev/Development/back-end/utilities/ir/processing/loadImage.js": {"path":"/Users/borislavchernev/Development/back-end/utilities/ir/processing/loadImage.js","statementMap":{"0":{"start":{"line":1,"column":11},"end":{"line":1,"column":24}},"1":{"start":{"line":2,"column":27},"end":{"line":2,"column":66}},"2":{"start":{"line":3,"column":22},"end":{"line":3,"column":39}},"3":{"start":{"line":4,"column":16},"end":{"line":4,"column":42}},"4":{"start":{"line":15,"column":25},"end":{"line":30,"column":1}},"5":{"start":{"line":16,"column":2},"end":{"line":29,"column":3}},"6":{"start":{"line":18,"column":4},"end":{"line":21,"column":5}},"7":{"start":{"line":19,"column":6},"end":{"line":19,"column":55}},"8":{"start":{"line":20,"column":6},"end":{"line":20,"column":68}},"9":{"start":{"line":24,"column":18},"end":{"line":24,"column":44}},"10":{"start":{"line":25,"column":4},"end":{"line":25,"column":48}},"11":{"start":{"line":27,"column":4},"end":{"line":27,"column":77}},"12":{"start":{"line":28,"column":4},"end":{"line":28,"column":66}},"13":{"start":{"line":32,"column":0},"end":{"line":32,"column":34}}},"fnMap":{"0":{"name":"(anonymous_0)","decl":{"start":{"line":15,"column":25},"end":{"line":15,"column":26}},"loc":{"start":{"line":15,"column":46},"end":{"line":30,"column":1}},"line":15}},"branchMap":{"0":{"loc":{"start":{"line":18,"column":4},"end":{"line":21,"column":5}},"type":"if","locations":[{"start":{"line":18,"column":4},"end":{"line":21,"column":5}},{"start":{},"end":{}}],"line":18}},"s":{"0":4,"1":4,"2":4,"3":4,"4":4,"5":3,"6":3,"7":1,"8":1,"9":2,"10":1,"11":2,"12":2,"13":4},"f":{"0":3},"b":{"0":[1,2]},"_coverageSchema":"1a1c01bbd47fc00a2c39e90264f33305004495a9","hash":"f71da9262df49e713eb056c5ad024c5e9d0536b5"}
,"/Users/borislavchernev/Development/back-end/utilities/messages/errorMessages.js": {"path":"/Users/borislavchernev/Development/back-end/utilities/messages/errorMessages.js","statementMap":{"0":{"start":{"line":7,"column":0},"end":{"line":66,"column":2}},"1":{"start":{"line":43,"column":33},"end":{"line":43,"column":67}}},"fnMap":{"0":{"name":"(anonymous_0)","decl":{"start":{"line":43,"column":23},"end":{"line":43,"column":24}},"loc":{"start":{"line":43,"column":33},"end":{"line":43,"column":67}},"line":43}},"branchMap":{},"s":{"0":11,"1":1},"f":{"0":1},"b":{},"_coverageSchema":"1a1c01bbd47fc00a2c39e90264f33305004495a9","hash":"9510d1c20e91fc41b9dab4a66d215929df3e1127"}
,"/Users/borislavchernev/Development/back-end/utilities/messages/successMessages.js": {"path":"/Users/borislavchernev/Development/back-end/utilities/messages/successMessages.js","statementMap":{"0":{"start":{"line":7,"column":0},"end":{"line":34,"column":2}},"1":{"start":{"line":22,"column":32},"end":{"line":22,"column":64}}},"fnMap":{"0":{"name":"(anonymous_0)","decl":{"start":{"line":22,"column":22},"end":{"line":22,"column":23}},"loc":{"start":{"line":22,"column":32},"end":{"line":22,"column":64}},"line":22}},"branchMap":{},"s":{"0":4,"1":0},"f":{"0":0},"b":{},"_coverageSchema":"1a1c01bbd47fc00a2c39e90264f33305004495a9","hash":"506231e0cf42075fb917da1108077d2376521d48"}
,"/Users/borislavchernev/Development/back-end/utilities/ocr/fieldExtractor.js": {"path":"/Users/borislavchernev/Development/back-end/utilities/ocr/fieldExtractor.js","statementMap":{"0":{"start":{"line":17,"column":21},"end":{"line":29,"column":1}},"1":{"start":{"line":18,"column":2},"end":{"line":21,"column":3}},"2":{"start":{"line":19,"column":18},"end":{"line":19,"column":35}},"3":{"start":{"line":20,"column":4},"end":{"line":20,"column":42}},"4":{"start":{"line":23,"column":23},"end":{"line":26,"column":3}},"5":{"start":{"line":27,"column":16},"end":{"line":27,"column":40}},"6":{"start":{"line":28,"column":2},"end":{"line":28,"column":40}},"7":{"start":{"line":39,"column":24},"end":{"line":66,"column":1}},"8":{"start":{"line":40,"column":2},"end":{"line":42,"column":3}},"9":{"start":{"line":41,"column":4},"end":{"line":41,"column":57}},"10":{"start":{"line":43,"column":2},"end":{"line":65,"column":4}},"11":{"start":{"line":76,"column":23},"end":{"line":98,"column":1}},"12":{"start":{"line":77,"column":17},"end":{"line":77,"column":43}},"13":{"start":{"line":79,"column":2},"end":{"line":81,"column":3}},"14":{"start":{"line":80,"column":4},"end":{"line":80,"column":43}},"15":{"start":{"line":83,"column":24},"end":{"line":83,"column":26}},"16":{"start":{"line":84,"column":2},"end":{"line":88,"column":5}},"17":{"start":{"line":85,"column":4},"end":{"line":87,"column":5}},"18":{"start":{"line":86,"column":6},"end":{"line":86,"column":32}},"19":{"start":{"line":90,"column":2},"end":{"line":95,"column":3}},"20":{"start":{"line":91,"column":4},"end":{"line":94,"column":6}},"21":{"start":{"line":97,"column":2},"end":{"line":97,"column":41}},"22":{"start":{"line":100,"column":0},"end":{"line":100,"column":67}}},"fnMap":{"0":{"name":"(anonymous_0)","decl":{"start":{"line":17,"column":21},"end":{"line":17,"column":22}},"loc":{"start":{"line":17,"column":56},"end":{"line":29,"column":1}},"line":17},"1":{"name":"(anonymous_1)","decl":{"start":{"line":39,"column":24},"end":{"line":39,"column":25}},"loc":{"start":{"line":39,"column":34},"end":{"line":66,"column":1}},"line":39},"2":{"name":"(anonymous_2)","decl":{"start":{"line":76,"column":23},"end":{"line":76,"column":24}},"loc":{"start":{"line":76,"column":38},"end":{"line":98,"column":1}},"line":76},"3":{"name":"(anonymous_3)","decl":{"start":{"line":84,"column":57},"end":{"line":84,"column":58}},"loc":{"start":{"line":84,"column":68},"end":{"line":88,"column":3}},"line":84}},"branchMap":{"0":{"loc":{"start":{"line":17,"column":39},"end":{"line":17,"column":51}},"type":"default-arg","locations":[{"start":{"line":17,"column":47},"end":{"line":17,"column":51}}],"line":17},"1":{"loc":{"start":{"line":18,"column":2},"end":{"line":21,"column":3}},"type":"if","locations":[{"start":{"line":18,"column":2},"end":{"line":21,"column":3}},{"start":{},"end":{}}],"line":18},"2":{"loc":{"start":{"line":20,"column":11},"end":{"line":20,"column":41}},"type":"cond-expr","locations":[{"start":{"line":20,"column":19},"end":{"line":20,"column":34}},{"start":{"line":20,"column":37},"end":{"line":20,"column":41}}],"line":20},"3":{"loc":{"start":{"line":28,"column":9},"end":{"line":28,"column":39}},"type":"cond-expr","locations":[{"start":{"line":28,"column":17},"end":{"line":28,"column":32}},{"start":{"line":28,"column":35},"end":{"line":28,"column":39}}],"line":28},"4":{"loc":{"start":{"line":40,"column":2},"end":{"line":42,"column":3}},"type":"if","locations":[{"start":{"line":40,"column":2},"end":{"line":42,"column":3}},{"start":{},"end":{}}],"line":40},"5":{"loc":{"start":{"line":63,"column":6},"end":{"line":64,"column":79}},"type":"binary-expr","locations":[{"start":{"line":63,"column":6},"end":{"line":63,"column":61}},{"start":{"line":64,"column":6},"end":{"line":64,"column":79}}],"line":63},"6":{"loc":{"start":{"line":79,"column":2},"end":{"line":81,"column":3}},"type":"if","locations":[{"start":{"line":79,"column":2},"end":{"line":81,"column":3}},{"start":{},"end":{}}],"line":79},"7":{"loc":{"start":{"line":85,"column":4},"end":{"line":87,"column":5}},"type":"if","locations":[{"start":{"line":85,"column":4},"end":{"line":87,"column":5}},{"start":{},"end":{}}],"line":85},"8":{"loc":{"start":{"line":90,"column":2},"end":{"line":95,"column":3}},"type":"if","locations":[{"start":{"line":90,"column":2},"end":{"line":95,"column":3}},{"start":{},"end":{}}],"line":90}},"s":{"0":1,"1":16,"2":14,"3":14,"4":2,"5":2,"6":2,"7":1,"8":3,"9":3,"10":3,"11":1,"12":2,"13":2,"14":2,"15":2,"16":2,"17":8,"18":2,"19":2,"20":1,"21":1,"22":1},"f":{"0":16,"1":3,"2":2,"3":8},"b":{"0":[2],"1":[14,2],"2":[11,3],"3":[1,1],"4":[3,0],"5":[3,1],"6":[2,0],"7":[2,6],"8":[1,1]},"_coverageSchema":"1a1c01bbd47fc00a2c39e90264f33305004495a9","hash":"d863b5a6017b06d5dacc84306abbbd880c388222"}
,"/Users/borislavchernev/Development/back-end/utilities/ocr/mrzExtractor.js": {"path":"/Users/borislavchernev/Development/back-end/utilities/ocr/mrzExtractor.js","statementMap":{"0":{"start":{"line":18,"column":17},"end":{"line":53,"column":1}},"1":{"start":{"line":20,"column":19},"end":{"line":20,"column":48}},"2":{"start":{"line":22,"column":2},"end":{"line":24,"column":3}},"3":{"start":{"line":23,"column":4},"end":{"line":23,"column":69}},"4":{"start":{"line":27,"column":16},"end":{"line":27,"column":33}},"5":{"start":{"line":28,"column":16},"end":{"line":28,"column":33}},"6":{"start":{"line":29,"column":16},"end":{"line":29,"column":33}},"7":{"start":{"line":32,"column":20},"end":{"line":32,"column":37}},"8":{"start":{"line":33,"column":18},"end":{"line":33,"column":44}},"9":{"start":{"line":34,"column":21},"end":{"line":34,"column":66}},"10":{"start":{"line":37,"column":20},"end":{"line":37,"column":59}},"11":{"start":{"line":38,"column":15},"end":{"line":38,"column":33}},"12":{"start":{"line":39,"column":22},"end":{"line":39,"column":56}},"13":{"start":{"line":41,"column":2},"end":{"line":52,"column":4}},"14":{"start":{"line":55,"column":0},"end":{"line":55,"column":30}}},"fnMap":{"0":{"name":"(anonymous_0)","decl":{"start":{"line":18,"column":17},"end":{"line":18,"column":18}},"loc":{"start":{"line":18,"column":30},"end":{"line":53,"column":1}},"line":18}},"branchMap":{"0":{"loc":{"start":{"line":22,"column":2},"end":{"line":24,"column":3}},"type":"if","locations":[{"start":{"line":22,"column":2},"end":{"line":24,"column":3}},{"start":{},"end":{}}],"line":22},"1":{"loc":{"start":{"line":27,"column":16},"end":{"line":27,"column":33}},"type":"binary-expr","locations":[{"start":{"line":27,"column":16},"end":{"line":27,"column":27}},{"start":{"line":27,"column":31},"end":{"line":27,"column":33}}],"line":27},"2":{"loc":{"start":{"line":28,"column":16},"end":{"line":28,"column":33}},"type":"binary-expr","locations":[{"start":{"line":28,"column":16},"end":{"line":28,"column":27}},{"start":{"line":28,"column":31},"end":{"line":28,"column":33}}],"line":28},"3":{"loc":{"start":{"line":29,"column":16},"end":{"line":29,"column":33}},"type":"binary-expr","locations":[{"start":{"line":29,"column":16},"end":{"line":29,"column":27}},{"start":{"line":29,"column":31},"end":{"line":29,"column":33}}],"line":29},"4":{"loc":{"start":{"line":33,"column":18},"end":{"line":33,"column":44}},"type":"binary-expr","locations":[{"start":{"line":33,"column":18},"end":{"line":33,"column":38}},{"start":{"line":33,"column":42},"end":{"line":33,"column":44}}],"line":33},"5":{"loc":{"start":{"line":34,"column":21},"end":{"line":34,"column":66}},"type":"binary-expr","locations":[{"start":{"line":34,"column":21},"end":{"line":34,"column":60}},{"start":{"line":34,"column":64},"end":{"line":34,"column":66}}],"line":34},"6":{"loc":{"start":{"line":37,"column":20},"end":{"line":37,"column":59}},"type":"cond-expr","locations":[{"start":{"line":37,"column":33},"end":{"line":37,"column":54}},{"start":{"line":37,"column":57},"end":{"line":37,"column":59}}],"line":37},"7":{"loc":{"start":{"line":38,"column":15},"end":{"line":38,"column":33}},"type":"binary-expr","locations":[{"start":{"line":38,"column":15},"end":{"line":38,"column":27}},{"start":{"line":38,"column":31},"end":{"line":38,"column":33}}],"line":38},"8":{"loc":{"start":{"line":39,"column":22},"end":{"line":39,"column":56}},"type":"binary-expr","locations":[{"start":{"line":39,"column":22},"end":{"line":39,"column":50}},{"start":{"line":39,"column":54},"end":{"line":39,"column":56}}],"line":39},"9":{"loc":{"start":{"line":42,"column":18},"end":{"line":42,"column":52}},"type":"binary-expr","locations":[{"start":{"line":42,"column":18},"end":{"line":42,"column":39}},{"start":{"line":42,"column":43},"end":{"line":42,"column":52}}],"line":42},"10":{"loc":{"start":{"line":43,"column":20},"end":{"line":43,"column":54}},"type":"binary-expr","locations":[{"start":{"line":43,"column":20},"end":{"line":43,"column":41}},{"start":{"line":43,"column":45},"end":{"line":43,"column":54}}],"line":43},"11":{"loc":{"start":{"line":44,"column":20},"end":{"line":44,"column":55}},"type":"binary-expr","locations":[{"start":{"line":44,"column":20},"end":{"line":44,"column":42}},{"start":{"line":44,"column":46},"end":{"line":44,"column":55}}],"line":44},"12":{"loc":{"start":{"line":45,"column":17},"end":{"line":45,"column":53}},"type":"binary-expr","locations":[{"start":{"line":45,"column":17},"end":{"line":45,"column":40}},{"start":{"line":45,"column":44},"end":{"line":45,"column":53}}],"line":45},"13":{"loc":{"start":{"line":46,"column":9},"end":{"line":46,"column":42}},"type":"binary-expr","locations":[{"start":{"line":46,"column":9},"end":{"line":46,"column":30}},{"start":{"line":46,"column":34},"end":{"line":46,"column":42}}],"line":46},"14":{"loc":{"start":{"line":47,"column":12},"end":{"line":47,"column":40}},"type":"binary-expr","locations":[{"start":{"line":47,"column":12},"end":{"line":47,"column":33}},{"start":{"line":47,"column":37},"end":{"line":47,"column":40}}],"line":47},"15":{"loc":{"start":{"line":48,"column":16},"end":{"line":48,"column":50}},"type":"binary-expr","locations":[{"start":{"line":48,"column":16},"end":{"line":48,"column":38}},{"start":{"line":48,"column":42},"end":{"line":48,"column":50}}],"line":48},"16":{"loc":{"start":{"line":49,"column":10},"end":{"line":49,"column":27}},"type":"binary-expr","locations":[{"start":{"line":49,"column":10},"end":{"line":49,"column":14}},{"start":{"line":49,"column":18},"end":{"line":49,"column":27}}],"line":49},"17":{"loc":{"start":{"line":50,"column":17},"end":{"line":50,"column":41}},"type":"binary-expr","locations":[{"start":{"line":50,"column":17},"end":{"line":50,"column":28}},{"start":{"line":50,"column":32},"end":{"line":50,"column":41}}],"line":50},"18":{"loc":{"start":{"line":51,"column":13},"end":{"line":51,"column":33}},"type":"binary-expr","locations":[{"start":{"line":51,"column":13},"end":{"line":51,"column":20}},{"start":{"line":51,"column":24},"end":{"line":51,"column":33}}],"line":51}},"s":{"0":4,"1":2,"2":2,"3":1,"4":1,"5":1,"6":1,"7":1,"8":1,"9":1,"10":1,"11":1,"12":1,"13":1,"14":4},"f":{"0":2},"b":{"0":[1,1],"1":[1,0],"2":[1,0],"3":[1,0],"4":[1,0],"5":[1,0],"6":[1,0],"7":[1,0],"8":[1,1],"9":[1,0],"10":[1,0],"11":[1,0],"12":[1,0],"13":[1,0],"14":[1,0],"15":[1,0],"16":[1,0],"17":[1,1],"18":[1,0]},"_coverageSchema":"1a1c01bbd47fc00a2c39e90264f33305004495a9","hash":"72b71dbd33ee38648939238c01ccca12b9274caa"}
,"/Users/borislavchernev/Development/back-end/utilities/ocr/preprocessImage.js": {"path":"/Users/borislavchernev/Development/back-end/utilities/ocr/preprocessImage.js","statementMap":{"0":{"start":{"line":1,"column":14},"end":{"line":1,"column":30}},"1":{"start":{"line":2,"column":13},"end":{"line":2,"column":28}},"2":{"start":{"line":3,"column":27},"end":{"line":3,"column":63}},"3":{"start":{"line":14,"column":24},"end":{"line":37,"column":1}},"4":{"start":{"line":15,"column":2},"end":{"line":17,"column":3}},"5":{"start":{"line":16,"column":4},"end":{"line":16,"column":66}},"6":{"start":{"line":20,"column":24},"end":{"line":20,"column":44}},"7":{"start":{"line":21,"column":24},"end":{"line":21,"column":63}},"8":{"start":{"line":23,"column":2},"end":{"line":36,"column":3}},"9":{"start":{"line":24,"column":4},"end":{"line":28,"column":29}},"10":{"start":{"line":29,"column":4},"end":{"line":29,"column":25}},"11":{"start":{"line":31,"column":4},"end":{"line":34,"column":7}},"12":{"start":{"line":35,"column":4},"end":{"line":35,"column":64}},"13":{"start":{"line":39,"column":0},"end":{"line":39,"column":37}}},"fnMap":{"0":{"name":"(anonymous_0)","decl":{"start":{"line":14,"column":24},"end":{"line":14,"column":25}},"loc":{"start":{"line":14,"column":44},"end":{"line":37,"column":1}},"line":14}},"branchMap":{"0":{"loc":{"start":{"line":15,"column":2},"end":{"line":17,"column":3}},"type":"if","locations":[{"start":{"line":15,"column":2},"end":{"line":17,"column":3}},{"start":{},"end":{}}],"line":15}},"s":{"0":4,"1":4,"2":4,"3":4,"4":1,"5":1,"6":0,"7":0,"8":0,"9":0,"10":0,"11":0,"12":0,"13":4},"f":{"0":1},"b":{"0":[1,0]},"_coverageSchema":"1a1c01bbd47fc00a2c39e90264f33305004495a9","hash":"a43151b95afe7f48768049bbbf0833d88f4cf6df"}
}
