TN:
SF:src/config/db.js
FNF:0
FNH:0
DA:8,4
DA:9,4
DA:11,4
DA:13,4
DA:14,0
DA:17,4
DA:21,4
LF:7
LH:6
BRDA:13,0,0,0
BRDA:13,0,1,4
BRF:2
BRH:1
end_of_record
TN:
SF:src/controllers/irController.js
FN:17,(anonymous_0)
FN:28,(anonymous_1)
FNF:2
FNH:2
FNDA:3,(anonymous_0)
FNDA:4,(anonymous_1)
DA:7,3
DA:11,3
DA:12,3
DA:13,3
DA:14,3
DA:15,3
DA:17,3
DA:18,3
DA:19,3
DA:20,2
DA:25,1
DA:28,3
DA:29,4
DA:30,4
DA:31,1
DA:36,3
DA:37,3
DA:38,2
DA:39,2
DA:40,2
DA:41,2
DA:42,1
DA:47,1
DA:53,1
DA:54,1
LF:25
LH:25
BRDA:19,0,0,2
BRDA:19,0,1,1
BRDA:30,1,0,1
BRDA:30,1,1,3
BRDA:30,2,0,4
BRDA:30,2,1,3
BRDA:41,3,0,1
BRDA:41,3,1,1
BRF:8
BRH:8
end_of_record
TN:
SF:src/controllers/ocrController.js
FN:20,(anonymous_0)
FN:38,(anonymous_1)
FN:79,(anonymous_2)
FN:127,(anonymous_3)
FNF:4
FNH:4
FNDA:3,(anonymous_0)
FNDA:3,(anonymous_1)
FNDA:3,(anonymous_2)
FNDA:3,(anonymous_3)
DA:7,3
DA:8,3
DA:9,3
DA:10,3
DA:11,3
DA:13,3
DA:14,3
DA:20,3
DA:21,3
DA:22,3
DA:23,2
DA:28,1
DA:38,3
DA:39,3
DA:40,3
DA:41,1
DA:47,2
DA:49,2
DA:50,1
DA:52,1
DA:59,1
DA:60,1
DA:61,1
DA:64,0
DA:66,1
DA:67,1
DA:79,3
DA:80,3
DA:81,3
DA:82,1
DA:88,2
DA:90,2
DA:91,1
DA:94,1
DA:95,1
DA:96,1
DA:99,0
DA:102,1
DA:108,1
DA:109,1
DA:110,1
DA:113,0
DA:115,1
DA:116,1
DA:127,3
DA:128,3
DA:130,3
DA:131,1
DA:137,2
DA:138,2
DA:139,1
DA:141,1
DA:142,1
LF:53
LH:50
BRDA:22,0,0,2
BRDA:22,0,1,1
BRDA:40,1,0,1
BRDA:40,1,1,2
BRDA:60,2,0,1
BRDA:60,2,1,0
BRDA:81,3,0,1
BRDA:81,3,1,2
BRDA:95,4,0,1
BRDA:95,4,1,0
BRDA:109,5,0,1
BRDA:109,5,1,0
BRDA:130,6,0,1
BRDA:130,6,1,2
BRDA:130,7,0,3
BRDA:130,7,1,3
BRDA:130,7,2,2
BRF:17
BRH:14
end_of_record
TN:
SF:src/middlewares/authMiddleware.js
FN:24,authMiddleware
FNF:1
FNH:1
FNDA:1,authMiddleware
DA:7,3
DA:8,3
DA:9,3
DA:11,3
DA:25,1
DA:27,1
DA:28,0
DA:31,1
DA:32,1
DA:33,1
DA:34,1
DA:36,0
DA:40,3
LF:13
LH:11
BRDA:27,0,0,0
BRDA:27,0,1,1
BRF:2
BRH:1
end_of_record
TN:
SF:src/models/userModel.js
FN:3,(anonymous_0)
FNF:1
FNH:1
FNDA:2,(anonymous_0)
DA:1,4
DA:3,4
DA:4,2
DA:8,1
LF:4
LH:4
BRF:0
BRH:0
end_of_record
TN:
SF:src/routes/irRoutes.js
FNF:0
FNH:0
DA:1,2
DA:2,2
DA:3,2
DA:5,2
DA:6,2
DA:9,2
DA:19,2
DA:21,2
LF:8
LH:8
BRF:0
BRH:0
end_of_record
TN:
SF:src/routes/ocrRoutes.js
FNF:0
FNH:0
DA:3,2
DA:4,2
DA:10,2
DA:11,2
DA:12,2
DA:15,2
DA:21,2
DA:28,2
DA:31,2
DA:33,2
LF:10
LH:10
BRF:0
BRH:0
end_of_record
TN:
SF:src/utilities/ir/compareDescriptors.js
FN:13,(anonymous_0)
FNF:1
FNH:1
FNDA:2,(anonymous_0)
DA:1,4
DA:13,4
DA:14,2
DA:15,2
DA:16,2
DA:19,4
LF:6
LH:6
BRDA:13,0,0,1
BRF:1
BRH:1
end_of_record
TN:
SF:src/utilities/ir/faceApiSetup.js
FNF:0
FNH:0
DA:6,7
DA:7,7
DA:10,7
DA:12,7
LF:4
LH:4
BRF:0
BRH:0
end_of_record
TN:
SF:src/utilities/ir/models/modelPaths.js
FNF:0
FNH:0
DA:6,3
DA:11,3
DA:18,3
DA:54,3
LF:4
LH:4
BRDA:11,0,0,3
BRDA:11,0,1,3
BRF:2
BRH:2
end_of_record
TN:
SF:src/utilities/ir/processing/cropFace.js
FN:14,(anonymous_0)
FN:26,(anonymous_1)
FNF:2
FNH:2
FNDA:2,(anonymous_0)
FNDA:2,(anonymous_1)
DA:1,4
DA:2,4
DA:3,4
DA:14,4
DA:15,2
DA:16,2
DA:17,2
DA:18,2
DA:20,2
DA:22,2
DA:23,2
DA:24,2
DA:26,2
DA:27,2
DA:28,2
DA:31,1
DA:35,1
DA:39,4
LF:18
LH:18
BRF:0
BRH:0
end_of_record
TN:
SF:src/utilities/ir/processing/loadImage.js
FN:15,(anonymous_0)
FNF:1
FNH:1
FNDA:3,(anonymous_0)
DA:1,4
DA:2,4
DA:3,4
DA:4,4
DA:15,4
DA:16,3
DA:18,3
DA:19,1
DA:20,1
DA:24,2
DA:25,1
DA:27,2
DA:28,2
DA:32,4
LF:14
LH:14
BRDA:18,0,0,1
BRDA:18,0,1,2
BRF:2
BRH:2
end_of_record
TN:
SF:src/utilities/messages/errorMessages.js
FN:43,(anonymous_0)
FNF:1
FNH:1
FNDA:1,(anonymous_0)
DA:7,11
DA:43,1
LF:2
LH:2
BRF:0
BRH:0
end_of_record
TN:
SF:src/utilities/messages/successMessages.js
FN:22,(anonymous_0)
FNF:1
FNH:0
FNDA:0,(anonymous_0)
DA:7,4
DA:22,0
LF:2
LH:1
BRF:0
BRH:0
end_of_record
TN:
SF:src/utilities/ocr/fieldExtractor.js
FN:17,(anonymous_0)
FN:39,(anonymous_1)
FN:76,(anonymous_2)
FN:84,(anonymous_3)
FNF:4
FNH:4
FNDA:16,(anonymous_0)
FNDA:3,(anonymous_1)
FNDA:2,(anonymous_2)
FNDA:8,(anonymous_3)
DA:17,1
DA:18,16
DA:19,14
DA:20,14
DA:23,2
DA:27,2
DA:28,2
DA:39,1
DA:40,3
DA:41,3
DA:43,3
DA:76,1
DA:77,2
DA:79,2
DA:80,2
DA:83,2
DA:84,2
DA:85,8
DA:86,2
DA:90,2
DA:91,1
DA:97,1
DA:100,1
LF:23
LH:23
BRDA:17,0,0,2
BRDA:18,1,0,14
BRDA:18,1,1,2
BRDA:20,2,0,11
BRDA:20,2,1,3
BRDA:28,3,0,1
BRDA:28,3,1,1
BRDA:40,4,0,3
BRDA:40,4,1,0
BRDA:63,5,0,3
BRDA:63,5,1,1
BRDA:79,6,0,2
BRDA:79,6,1,0
BRDA:85,7,0,2
BRDA:85,7,1,6
BRDA:90,8,0,1
BRDA:90,8,1,1
BRF:17
BRH:15
end_of_record
TN:
SF:src/utilities/ocr/mrzExtractor.js
FN:18,(anonymous_0)
FNF:1
FNH:1
FNDA:2,(anonymous_0)
DA:18,4
DA:20,2
DA:22,2
DA:23,1
DA:27,1
DA:28,1
DA:29,1
DA:32,1
DA:33,1
DA:34,1
DA:37,1
DA:38,1
DA:39,1
DA:41,1
DA:55,4
LF:15
LH:15
BRDA:22,0,0,1
BRDA:22,0,1,1
BRDA:27,1,0,1
BRDA:27,1,1,0
BRDA:28,2,0,1
BRDA:28,2,1,0
BRDA:29,3,0,1
BRDA:29,3,1,0
BRDA:33,4,0,1
BRDA:33,4,1,0
BRDA:34,5,0,1
BRDA:34,5,1,0
BRDA:37,6,0,1
BRDA:37,6,1,0
BRDA:38,7,0,1
BRDA:38,7,1,0
BRDA:39,8,0,1
BRDA:39,8,1,1
BRDA:42,9,0,1
BRDA:42,9,1,0
BRDA:43,10,0,1
BRDA:43,10,1,0
BRDA:44,11,0,1
BRDA:44,11,1,0
BRDA:45,12,0,1
BRDA:45,12,1,0
BRDA:46,13,0,1
BRDA:46,13,1,0
BRDA:47,14,0,1
BRDA:47,14,1,0
BRDA:48,15,0,1
BRDA:48,15,1,0
BRDA:49,16,0,1
BRDA:49,16,1,0
BRDA:50,17,0,1
BRDA:50,17,1,1
BRDA:51,18,0,1
BRDA:51,18,1,0
BRF:38
BRH:22
end_of_record
TN:
SF:src/utilities/ocr/preprocessImage.js
FN:14,(anonymous_0)
FNF:1
FNH:1
FNDA:1,(anonymous_0)
DA:1,4
DA:2,4
DA:3,4
DA:14,4
DA:15,1
DA:16,1
DA:20,0
DA:21,0
DA:23,0
DA:24,0
DA:29,0
DA:31,0
DA:35,0
DA:39,4
LF:14
LH:7
BRDA:15,0,0,1
BRDA:15,0,1,0
BRF:2
BRH:1
end_of_record
